Arguments: 
  C:\Program Files\nodejs\node.exe C:\Users\c1306948\AppData\Roaming\npm\node_modules\yarn\bin\yarn.js add react react-dom

PATH: 
  C:\ProgramData\Oracle\Java\javapath;c:\windows\system32;C:\PVSW\BIN;C:\Program Files (x86)\Bitvise SSH Client;C:\Program Files\Microsoft SQL Server\130\Tools\Binn\;C:\Program Files\dotnet\;C:\Windows\System32\WindowsPowerShell\v1.0\;C:\Windows\System32\WindowsPowerShell\v1.0\;C:\watchman;C:\Program Files\nodejs\;C:\Program Files\Git\cmd;C:\Users\c1306948\AppData\Roaming\npm;C:\Users\c1306948\AppData\Local\atom\app-1.23.1\resources\app\apm\bin;C:\Program Files\West Wind WebSurge;C:\Program Files\Microsoft VS Code\bin;C:\Users\c1306948\AppData\Local\atom\bin

Yarn version: 
  1.3.2

Node version: 
  8.9.1

Platform: 
  win32 x64

npm manifest: 
  {
    "name": "tlvcameras",
    "version": "1.0.0",
    "description": "",
    "main": "index.js",
    "scripts": {
      "test": "echo \"Error: no test specified\" && exit 1"
    },
    "author": "",
    "license": "ISC"
  }

yarn manifest: 
  No manifest

Lockfile: 
  No lockfile

Trace: 
  Error: self signed certificate in certificate chain
      at TLSSocket.<anonymous> (_tls_wrap.js:1103:38)
      at emitNone (events.js:106:13)
      at TLSSocket.emit (events.js:208:7)
      at TLSSocket._finishInit (_tls_wrap.js:637:8)
      at TLSWrap.ssl.onhandshakedone (_tls_wrap.js:467:38)
